<?xml version="1.0" encoding="UTF-8"?>
<!-- Generated by org.testng.reporters.JUnitReportReporter -->
<testsuite hostname="DESKTOP-PCPPR47" failures="0" tests="1" name="ecourierz.Login" time="34.121" errors="0" timestamp="2022-06-22T13:58:22 IST" skipped="0">
  <testcase classname="ecourierz.Login" name="ecourierzLogin" time="34.121"/>
  <system-out/>
</testsuite> <!-- ecourierz.Login -->
