<?xml version="1.0" encoding="UTF-8"?>
<!-- Generated by org.testng.reporters.JUnitReportReporter -->
<testsuite hostname="DESKTOP-PCPPR47" failures="0" tests="1" name="ecourierz.Myshipment" time="54.479" errors="0" timestamp="2022-05-17T21:02:30 IST" skipped="0">
  <testcase classname="ecourierz.Myshipment" name="myShipment" time="54.479"/>
  <system-out/>
</testsuite> <!-- ecourierz.Myshipment -->
