<?xml version="1.0" encoding="UTF-8"?>
<!-- Generated by org.testng.reporters.JUnitReportReporter -->
<testsuite hostname="DESKTOP-PCPPR47" failures="0" tests="1" name="ecourierz.CreateShipOthers" time="57.305" errors="0" timestamp="2022-06-17T17:21:06 IST" skipped="0">
  <testcase classname="ecourierz.CreateShipOthers" name="createshipdoc" time="57.305"/>
  <system-out/>
</testsuite> <!-- ecourierz.CreateShipOthers -->
