<?xml version="1.0" encoding="UTF-8"?>
<!-- Generated by org.testng.reporters.JUnitReportReporter -->
<testsuite hostname="DESKTOP-PCPPR47" failures="0" tests="1" name="ecourierz.CreateShipDocument" time="62.958" errors="0" timestamp="2022-06-20T16:08:06 IST" skipped="0">
  <testcase classname="ecourierz.CreateShipDocument" name="createshipdoc" time="62.958"/>
  <system-out/>
</testsuite> <!-- ecourierz.CreateShipDocument -->
