<?xml version="1.0" encoding="UTF-8"?>
<!-- Generated by org.testng.reporters.JUnitReportReporter -->
<testsuite hostname="DESKTOP-PCPPR47" failures="0" tests="1" name="ecourierz.CreateShipOthersDocument" time="108.687" errors="0" timestamp="2022-06-20T15:09:28 IST" skipped="0">
  <testcase classname="ecourierz.CreateShipOthersDocument" name="createshipdoc" time="108.687"/>
  <system-out/>
</testsuite> <!-- ecourierz.CreateShipOthersDocument -->
