<?xml version="1.0" encoding="UTF-8"?>
<!-- Generated by org.testng.reporters.JUnitReportReporter -->
<testsuite hostname="DESKTOP-PCPPR47" failures="0" tests="1" name="ecourierz.CODothers" time="64.546" errors="0" timestamp="2022-06-17T17:33:03 IST" skipped="0">
  <testcase classname="ecourierz.CODothers" name="codothers" time="64.546"/>
  <system-out/>
</testsuite> <!-- ecourierz.CODothers -->
