<?xml version="1.0" encoding="UTF-8"?>
<!-- Generated by org.testng.reporters.JUnitReportReporter -->
<testsuite hostname="DESKTOP-PCPPR47" failures="0" tests="1" name="ecourierz.CreateShipCOD" time="41.240" errors="0" timestamp="2022-06-17T17:25:43 IST" skipped="0">
  <testcase classname="ecourierz.CreateShipCOD" name="createshipCOD" time="41.240"/>
  <system-out/>
</testsuite> <!-- ecourierz.CreateShipCOD -->
